{"ts":1745487621491,"action":"PROJECT_OPENED","tags":{"PROJECT_NAME":"ai-video-cutter"}}
{"ts":1745487622001,"action":"FILE_OPENED","file":"/README.md","tags":{"FILE_LINE_OF_CODE":"3"}}
{"ts":1745487630457,"action":"IDE_DEACTIVATED"}
{"ts":1745487651936,"action":"IDE_ACTIVATED"}
{"ts":1745487669021,"action":"IDE_DEACTIVATED"}
{"ts":1745487679896,"action":"IDE_ACTIVATED"}
{"ts":1745487687737,"action":"IDE_DEACTIVATED"}
{"ts":1745487688882,"action":"IDE_ACTIVATED"}
{"ts":1745487691771,"action":"IDE_DEACTIVATED"}
{"ts":1745487692867,"action":"IDE_ACTIVATED"}
{"ts":1745487695788,"action":"IDE_DEACTIVATED"}
{"ts":1745487696565,"action":"IDE_ACTIVATED"}
{"ts":1745487698557,"action":"IDE_DEACTIVATED"}
{"ts":1745487699457,"action":"IDE_ACTIVATED"}
{"ts":1745487718998,"action":"IDE_DEACTIVATED"}
{"ts":1745487995592,"action":"IDE_ACTIVATED"}
{"ts":1745488009787,"action":"IDE_DEACTIVATED"}
{"ts":1745488010896,"action":"IDE_ACTIVATED"}
{"ts":1745488011210,"action":"IDE_DEACTIVATED"}
{"ts":1745488015887,"action":"IDE_ACTIVATED"}
{"ts":1745488019692,"action":"IDE_DEACTIVATED"}
{"ts":1745488020659,"action":"IDE_ACTIVATED"}
{"ts":1745488022541,"action":"IDE_DEACTIVATED"}
{"ts":1745488023509,"action":"IDE_ACTIVATED"}
{"ts":1745488027004,"action":"IDE_DEACTIVATED"}
{"ts":1745488027972,"action":"IDE_ACTIVATED"}
{"ts":1745488029644,"action":"IDE_DEACTIVATED"}
{"ts":1745488030831,"action":"IDE_ACTIVATED"}
{"ts":1745488037419,"action":"IDE_DEACTIVATED"}
{"ts":1745488039809,"action":"IDE_ACTIVATED"}
{"ts":1745488042270,"action":"FILE_CLOSED","file":"/README.md","tags":{"FILE_LINE_OF_CODE":"3"}}
{"ts":1745488042270,"action":"FILE_OPENED","file":"/frontend/package.json","tags":{"FILE_LINE_OF_CODE":"43"}}
{"ts":1745488043338,"action":"IDE_DEACTIVATED"}
{"ts":1745488044338,"action":"IDE_ACTIVATED"}
{"ts":1745488045802,"action":"IDE_DEACTIVATED"}
{"ts":1745488047039,"action":"IDE_ACTIVATED"}
{"ts":1745488053646,"action":"IDE_DEACTIVATED"}
{"ts":1745488055778,"action":"IDE_ACTIVATED"}
{"ts":1745488057644,"action":"IDE_DEACTIVATED"}
{"ts":1745488064306,"action":"IDE_ACTIVATED"}
{"ts":1745488076439,"action":"IDE_DEACTIVATED"}
{"ts":1745488079954,"action":"IDE_ACTIVATED"}
{"ts":1745488081115,"action":"IDE_DEACTIVATED"}
{"ts":1745488082239,"action":"IDE_ACTIVATED"}
{"ts":1745488086697,"action":"IDE_DEACTIVATED"}
{"ts":1745488094558,"action":"IDE_ACTIVATED"}
{"ts":1745488112597,"action":"IDE_DEACTIVATED"}
{"ts":1745488115907,"action":"IDE_ACTIVATED"}
{"ts":1745488116906,"action":"IDE_DEACTIVATED"}
{"ts":1745488117616,"action":"IDE_ACTIVATED"}
{"ts":1745488118541,"action":"IDE_DEACTIVATED"}
{"ts":1745488138500,"action":"IDE_ACTIVATED"}
{"ts":1745488149841,"action":"IDE_DEACTIVATED"}
{"ts":1745488153649,"action":"IDE_ACTIVATED"}
{"ts":1745488176964,"action":"FILE_CLOSED","file":"/frontend/package.json","tags":{"FILE_LINE_OF_CODE":"46"}}
{"ts":1745488185354,"action":"FILE_OPENED","file":"/frontend/package.json","tags":{"FILE_LINE_OF_CODE":"46"}}
{"ts":1745488185947,"action":"IDE_DEACTIVATED"}
{"ts":1745488194167,"action":"IDE_ACTIVATED"}
{"ts":1745488205660,"action":"IDE_DEACTIVATED"}
{"ts":1745488209727,"action":"IDE_ACTIVATED"}
